<?xml version="1.0" encoding="UTF-8"?>
<testsuite name="ResistorColorTrioTest" tests="1" skipped="0" failures="0" errors="0" timestamp="2024-04-01T14:37:10" hostname="Jiwons-MacBook-Air.local" time="0.042">
  <properties/>
  <testcase name="testIgnoreExtraColors()" classname="ResistorColorTrioTest" time="0.042"/>
  <system-out><![CDATA[]]></system-out>
  <system-err><![CDATA[]]></system-err>
</testsuite>
