<?xml version="1.0" encoding="UTF-8"?>
<testsuite name="AcronymTest" tests="9" skipped="0" failures="0" errors="0" timestamp="2024-03-25T05:25:30" hostname="Jiwons-MacBook-Air.local" time="0.052">
  <properties/>
  <testcase name="underscoreEmphasis()" classname="AcronymTest" time="0.04"/>
  <testcase name="lowercaseWords()" classname="AcronymTest" time="0.001"/>
  <testcase name="apostrophes()" classname="AcronymTest" time="0.001"/>
  <testcase name="basic()" classname="AcronymTest" time="0.001"/>
  <testcase name="veryLongAbbreviation()" classname="AcronymTest" time="0.0"/>
  <testcase name="nonAcronymAllCapsWord()" classname="AcronymTest" time="0.001"/>
  <testcase name="consecutiveDelimiters()" classname="AcronymTest" time="0.001"/>
  <testcase name="punctuationWithoutWhitespace()" classname="AcronymTest" time="0.001"/>
  <testcase name="punctuation()" classname="AcronymTest" time="0.001"/>
  <system-out><![CDATA[The Road  Not  Taken
Ruby on Rails
Halley's Comet
Portable Network Graphics
Rolling On The Floor Laughing So Hard That My Dogs Came Over And Licked Me
GNU Image Manipulation Program
Something   I made up from thin air
Complementary metal oxide semiconductor
First In, First Out
]]></system-out>
  <system-err><![CDATA[]]></system-err>
</testsuite>
