<?xml version="1.0" encoding="UTF-8"?>
<testsuite name="ResistorColorTest" tests="1" skipped="0" failures="0" errors="0" timestamp="2024-03-29T13:15:05" hostname="Jiwons-MacBook-Air.local" time="0.039">
  <properties/>
  <testcase name="testColors()" classname="ResistorColorTest" time="0.039"/>
  <system-out><![CDATA[]]></system-out>
  <system-err><![CDATA[]]></system-err>
</testsuite>
