<?xml version="1.0" encoding="UTF-8"?>
<testsuite name="DnDCharacterTest" tests="27" skipped="0" failures="0" errors="0" timestamp="2024-03-26T15:20:50" hostname="Jiwons-MacBook-Air.local" time="0.081">
  <properties/>
  <testcase name="testAbilityCalculationsUses3LargestNumbersFromScoresInDescendingOrder()" classname="DnDCharacterTest" time="0.031"/>
  <testcase name="testAbilityModifierForScore3IsNegative4()" classname="DnDCharacterTest" time="0.0"/>
  <testcase name="testAbilityCalculationsUses3LargestNumbersFromScoresInRandomOrder()" classname="DnDCharacterTest" time="0.001"/>
  <testcase name="testAbilityModifierForScore4IsNegative3()" classname="DnDCharacterTest" time="0.0"/>
  <testcase name="testAbilityModifierForScore5IsNegative3()" classname="DnDCharacterTest" time="0.0"/>
  <testcase name="testAbilityModifierForScore10Is0()" classname="DnDCharacterTest" time="0.0"/>
  <testcase name="testAbilityModifierForScore11Is0()" classname="DnDCharacterTest" time="0.0"/>
  <testcase name="testAbilityModifierForScore12Is1()" classname="DnDCharacterTest" time="0.0"/>
  <testcase name="testAbilityModifierForScore13Is1()" classname="DnDCharacterTest" time="0.0"/>
  <testcase name="testAbilityModifierForScore14Is2()" classname="DnDCharacterTest" time="0.001"/>
  <testcase name="testAbilityModifierForScore15Is2()" classname="DnDCharacterTest" time="0.001"/>
  <testcase name="testAbilityModifierForScore16Is3()" classname="DnDCharacterTest" time="0.001"/>
  <testcase name="testAbilityModifierForScore17Is3()" classname="DnDCharacterTest" time="0.001"/>
  <testcase name="testAbilityModifierForScore18Is4()" classname="DnDCharacterTest" time="0.0"/>
  <testcase name="testEachAbilityIsOnlyCalculatedOnce()" classname="DnDCharacterTest" time="0.0"/>
  <testcase name="testAbilityModifierForScore6IsNegative2()" classname="DnDCharacterTest" time="0.001"/>
  <testcase name="testAbilityModifierForScore7IsNegative2()" classname="DnDCharacterTest" time="0.001"/>
  <testcase name="testAbilityModifierForScore8IsNegative1()" classname="DnDCharacterTest" time="0.001"/>
  <testcase name="testAbilityModifierForScore9IsNegative1()" classname="DnDCharacterTest" time="0.001"/>
  <testcase name="testAbilityCalculationsUses3LargestNumbersFromFromScoresInAscendingOrder()" classname="DnDCharacterTest" time="0.001"/>
  <testcase name="testUniqueCharacterIsCreated()" classname="DnDCharacterTest" time="0.008"/>
  <testcase name="testAbilityCalculationDoesNotChangeInputScores()" classname="DnDCharacterTest" time="0.005"/>
  <testcase name="testAbilityCalculationsWithLowestEqualNumbers()" classname="DnDCharacterTest" time="0.001"/>
  <testcase name="testRandomCharacterIsValid()" classname="DnDCharacterTest" time="0.009"/>
  <testcase name="testAbilityCalculationsWithHighestEqualNumbers()" classname="DnDCharacterTest" time="0.0"/>
  <testcase name="testDiceValuesBetween1And6()" classname="DnDCharacterTest" time="0.001"/>
  <testcase name="test4DiceWereUsedForRollingScores()" classname="DnDCharacterTest" time="0.0"/>
  <system-out><![CDATA[]]></system-out>
  <system-err><![CDATA[]]></system-err>
</testsuite>
