<?xml version="1.0" encoding="UTF-8"?>
<testsuite name="TwoferTest" tests="3" skipped="0" failures="0" errors="0" timestamp="2024-03-23T09:10:59" hostname="Jiwons-MacBook-Air.local" time="0.048">
  <properties/>
  <testcase name="noNameGiven()" classname="TwoferTest" time="0.037"/>
  <testcase name="aNameGiven()" classname="TwoferTest" time="0.008"/>
  <testcase name="anotherNameGiven()" classname="TwoferTest" time="0.001"/>
  <system-out><![CDATA[]]></system-out>
  <system-err><![CDATA[]]></system-err>
</testsuite>
